<?xml version="1.0" encoding="UTF-8"?>
<!-- Generated by org.testng.reporters.JUnitReportReporter -->
<testsuite hostname="user4" failures="0" tests="1" name="TestScripts.FileDownload" time="13.863" errors="0" timestamp="2024-11-05T10:47:58 IST" skipped="0">
  <testcase classname="TestScripts.FileDownload" name="FileDownloadTC" time="13.863"/>
  <system-out/>
</testsuite> <!-- TestScripts.FileDownload -->
