<?xml version="1.0" encoding="UTF-8"?>
<!-- Generated by org.testng.reporters.JUnitReportReporter -->
<testsuite hostname="user4" failures="0" tests="1" name="TestScripts.AertsTest" time="47.360" errors="0" timestamp="2024-11-05T13:34:52 IST" skipped="0">
  <testcase classname="TestScripts.AertsTest" name="AlertTest" time="47.360"/>
  <system-out/>
</testsuite> <!-- TestScripts.AertsTest -->
