<?xml version="1.0" encoding="UTF-8"?>
<!-- Generated by org.testng.reporters.JUnitReportReporter -->
<testsuite hostname="user4" failures="0" tests="2" name="parallelScripts.SampleTwoTest" time="0.005" errors="0" timestamp="2024-11-07T13:17:38 IST" skipped="0">
  <testcase classname="parallelScripts.SampleTwoTest" name="testFive" time="0.002"/>
  <system-out/>
  <testcase classname="parallelScripts.SampleTwoTest" name="testOne" time="0.003"/>
  <system-out/>
</testsuite> <!-- parallelScripts.SampleTwoTest -->
