<?xml version="1.0" encoding="UTF-8"?>
<!-- Generated by org.testng.reporters.JUnitReportReporter -->
<testsuite hostname="user4" failures="0" tests="1" name="TestScripts.LocatorsTest" time="8.608" errors="0" timestamp="2024-11-07T11:04:50 IST" skipped="0">
  <testcase classname="TestScripts.LocatorsTest" name="SearchNewpage" time="8.608"/>
  <system-out/>
</testsuite> <!-- TestScripts.LocatorsTest -->
