<?xml version="1.0" encoding="UTF-8"?>
<!-- Generated by org.testng.reporters.JUnitReportReporter -->
<testsuite hostname="user4" failures="0" tests="1" name="TestScripts.SeleniumNewpage" time="10.827" errors="0" timestamp="2024-10-29T12:28:26 IST" skipped="0">
  <testcase classname="TestScripts.SeleniumNewpage" name="SearchNewpage" time="10.827"/>
  <system-out/>
</testsuite> <!-- TestScripts.SeleniumNewpage -->
