<?xml version="1.0" encoding="UTF-8"?>
<!-- Generated by org.testng.reporters.JUnitReportReporter -->
<testsuite hostname="user4" failures="0" tests="1" name="TestScripts.FileUploadTest" time="5.093" errors="0" timestamp="2024-11-05T10:57:14 IST" skipped="0">
  <testcase classname="TestScripts.FileUploadTest" name="FileUploadTC" time="5.093"/>
  <system-out/>
</testsuite> <!-- TestScripts.FileUploadTest -->
