<?xml version="1.0" encoding="UTF-8"?>
<!-- Generated by org.testng.reporters.JUnitReportReporter -->
<testsuite hostname="user4" failures="0" tests="1" name="TestScripts.LocatorTNG" time="9.604" errors="0" timestamp="2024-11-08T10:34:52 IST" skipped="0">
  <testcase classname="TestScripts.LocatorTNG" name="loginTest" time="9.604"/>
  <system-out/>
</testsuite> <!-- TestScripts.LocatorTNG -->
