<?xml version="1.0" encoding="UTF-8"?>
<!-- Generated by org.testng.reporters.JUnitReportReporter -->
<testsuite hostname="user4" failures="0" tests="1" name="TestScripts.IframeTest" time="13.024" errors="0" timestamp="2024-11-06T10:47:29 IST" skipped="0">
  <testcase classname="TestScripts.IframeTest" name="iframeTC" time="13.024"/>
  <system-out/>
</testsuite> <!-- TestScripts.IframeTest -->
