<?xml version="1.0" encoding="UTF-8"?>
<!-- Generated by org.testng.reporters.JUnitReportReporter -->
<testsuite hostname="user4" failures="0" tests="1" name="TestScripts.GooglePageTest" time="10.862" errors="0" timestamp="2024-10-29T11:16:19 IST" skipped="0">
  <testcase classname="TestScripts.GooglePageTest" name="SearchJavaTest" time="10.862"/>
  <system-out/>
</testsuite> <!-- TestScripts.GooglePageTest -->
