<?xml version="1.0" encoding="UTF-8"?>
<!-- Generated by org.testng.reporters.JUnitReportReporter -->
<testsuite hostname="user4" failures="0" tests="4" name="TestScripts.ExtentReportSampleTest" time="30.897" errors="0" timestamp="2024-11-08T13:18:57 IST" skipped="0">
  <testcase classname="TestScripts.ExtentReportSampleTest" name="cucumberSearchTC" time="8.542"/>
  <system-out/>
  <testcase classname="TestScripts.ExtentReportSampleTest" name="seleniumSearchTC" time="5.809"/>
  <system-out/>
  <testcase classname="TestScripts.ExtentReportSampleTest" name="javaSearchTC" time="7.150"/>
  <system-out/>
  <testcase classname="TestScripts.ExtentReportSampleTest" name="appiumSearchTC" time="9.396"/>
  <system-out/>
</testsuite> <!-- TestScripts.ExtentReportSampleTest -->
