<?xml version="1.0" encoding="UTF-8"?>
<!-- Generated by org.testng.reporters.JUnitReportReporter -->
<testsuite hostname="user4" failures="0" tests="1" name="TestScripts.JSExecTest" time="5.001" errors="0" timestamp="2024-11-06T13:28:40 IST" skipped="0">
  <testcase classname="TestScripts.JSExecTest" name="JSExecTC" time="5.001"/>
  <system-out/>
</testsuite> <!-- TestScripts.JSExecTest -->
