<?xml version="1.0" encoding="UTF-8"?>
<!-- Generated by org.testng.reporters.JUnitReportReporter -->
<testsuite hostname="user4" failures="0" tests="1" name="TestScripts.LocatorsTest" time="10.541" errors="0" timestamp="2024-11-05T13:36:55 IST" skipped="0">
  <testcase classname="TestScripts.LocatorsTest" name="SearchNewpage" time="10.541"/>
  <system-out/>
</testsuite> <!-- TestScripts.LocatorsTest -->
