<?xml version="1.0" encoding="UTF-8"?>
<!-- Generated by org.testng.reporters.JUnitReportReporter -->
<testsuite hostname="user4" failures="0" tests="5" name="parallelScripts.SampleTwoTest" time="12.773" errors="0" timestamp="2024-11-08T12:27:21 IST" skipped="0">
  <testcase classname="parallelScripts.SampleTwoTest" name="testOne" time="3.879"/>
  <system-out/>
  <testcase classname="parallelScripts.SampleTwoTest" name="testFive" time="0.019"/>
  <system-out/>
  <testcase classname="parallelScripts.SampleTwoTest" name="testTwo" time="3.937"/>
  <system-out/>
  <testcase classname="parallelScripts.SampleTwoTest" name="testFour" time="3.393"/>
  <system-out/>
  <testcase classname="parallelScripts.SampleTwoTest" name="testThree" time="1.545"/>
  <system-out/>
</testsuite> <!-- parallelScripts.SampleTwoTest -->
