<?xml version="1.0" encoding="UTF-8"?>
<!-- Generated by org.testng.reporters.JUnitReportReporter -->
<testsuite hostname="user4" failures="0" tests="1" name="TestScripts.PageLoadTest" time="11.805" errors="0" timestamp="2024-11-06T12:55:14 IST" skipped="0">
  <testcase classname="TestScripts.PageLoadTest" name="pageLoadTC" time="11.805"/>
  <system-out/>
</testsuite> <!-- TestScripts.PageLoadTest -->
