<?xml version="1.0" encoding="UTF-8"?>
<!-- Generated by org.testng.reporters.JUnitReportReporter -->
<testsuite hostname="user4" failures="0" tests="2" name="TestScripts.GooglePageTestNG" time="9.399" errors="0" timestamp="2024-11-07T12:17:06 IST" skipped="0">
  <testcase classname="TestScripts.GooglePageTestNG" name="seleniumSearchTC" time="4.443"/>
  <system-out/>
  <testcase classname="TestScripts.GooglePageTestNG" name="javaSearchTC" time="4.956"/>
  <system-out/>
</testsuite> <!-- TestScripts.GooglePageTestNG -->
