<?xml version="1.0" encoding="UTF-8"?>
<!-- Generated by org.testng.reporters.JUnitReportReporter -->
<testsuite hostname="user4" failures="0" tests="3" name="parallelScripts.SampleThreeTest" time="0.006" errors="0" timestamp="2024-11-08T09:53:59 IST" skipped="0">
  <testcase classname="parallelScripts.SampleThreeTest" name="testThree" time="0.001"/>
  <system-out/>
  <testcase classname="parallelScripts.SampleThreeTest" name="testTwo" time="0.002"/>
  <system-out/>
  <testcase classname="parallelScripts.SampleThreeTest" name="testOne" time="0.003"/>
  <system-out/>
</testsuite> <!-- parallelScripts.SampleThreeTest -->
