<?xml version="1.0" encoding="UTF-8"?>
<!-- Generated by org.testng.reporters.JUnitReportReporter -->
<testsuite hostname="user4" failures="0" tests="1" name="TestScripts.ExpWaitTest" time="20.428" errors="0" timestamp="2024-11-06T12:46:10 IST" skipped="0">
  <testcase classname="TestScripts.ExpWaitTest" name="f" time="20.428"/>
  <system-out/>
</testsuite> <!-- TestScripts.ExpWaitTest -->
