<?xml version="1.0" encoding="UTF-8"?>
<!-- Generated by org.testng.reporters.JUnitReportReporter -->
<testsuite hostname="user4" failures="0" tests="2" name="parallelScripts.SampleOneTest" time="0.018" errors="0" timestamp="2024-11-07T13:17:38 IST" skipped="0">
  <testcase classname="parallelScripts.SampleOneTest" name="testThree" time="0.004"/>
  <system-out/>
  <testcase classname="parallelScripts.SampleOneTest" name="testFive" time="0.014"/>
  <system-out/>
</testsuite> <!-- parallelScripts.SampleOneTest -->
