<?xml version="1.0" encoding="UTF-8"?>
<!-- Generated by org.testng.reporters.JUnitReportReporter -->
<testsuite hostname="user4" failures="0" tests="1" name="TestScripts.WebTestTable" time="8.920" errors="0" timestamp="2024-10-30T10:39:17 IST" skipped="0">
  <testcase classname="TestScripts.WebTestTable" name="verifybookdetails" time="8.920"/>
  <system-out/>
</testsuite> <!-- TestScripts.WebTestTable -->
