<?xml version="1.0" encoding="UTF-8"?>
<!-- Generated by org.testng.reporters.JUnitReportReporter -->
<testsuite hostname="user4" failures="0" tests="2" name="TestScripts.GooglePageTestNG" time="9.352" errors="0" timestamp="2024-11-14T13:38:33 IST" skipped="0">
  <testcase classname="TestScripts.GooglePageTestNG" name="javaSearchTC" time="4.835"/>
  <system-out/>
  <testcase classname="TestScripts.GooglePageTestNG" name="seleniumSearchTC" time="4.517"/>
  <system-out/>
</testsuite> <!-- TestScripts.GooglePageTestNG -->
