<?xml version="1.0" encoding="UTF-8"?>
<!-- Generated by org.testng.reporters.JUnitReportReporter -->
<testsuite hostname="user4" failures="0" tests="1" name="TestScripts.DropDownTest" time="6.672" errors="0" timestamp="2024-11-06T12:22:32 IST" skipped="0">
  <testcase classname="TestScripts.DropDownTest" name="DropDownTC" time="6.672"/>
  <system-out/>
</testsuite> <!-- TestScripts.DropDownTest -->
