<?xml version="1.0" encoding="UTF-8"?>
<!-- Generated by org.testng.reporters.JUnitReportReporter -->
<testsuite hostname="user4" failures="0" tests="8" name="parallelScripts.SampleOneTest" time="0.063" errors="0" timestamp="2024-11-08T12:43:14 IST" skipped="0">
  <testcase classname="parallelScripts.SampleOneTest" name="testThree" time="0.008"/>
  <system-out/>
  <testcase classname="parallelScripts.SampleOneTest" name="testTwo" time="0.002"/>
  <system-out/>
  <testcase classname="parallelScripts.SampleOneTest" name="testOne" time="0.018"/>
  <system-out/>
  <testcase classname="parallelScripts.SampleOneTest" name="testFour" time="0.002"/>
  <system-out/>
  <testcase classname="parallelScripts.SampleOneTest" name="testOne" time="0.006"/>
  <system-out/>
  <testcase classname="parallelScripts.SampleOneTest" name="testFive" time="0.015"/>
  <system-out/>
  <testcase classname="parallelScripts.SampleOneTest" name="testOne" time="0.007"/>
  <system-out/>
  <testcase classname="parallelScripts.SampleOneTest" name="testOne" time="0.005"/>
  <system-out/>
</testsuite> <!-- parallelScripts.SampleOneTest -->
