<?xml version="1.0" encoding="UTF-8"?>
<!-- Generated by org.testng.reporters.JUnitReportReporter -->
<testsuite hostname="user4" failures="0" tests="2" name="TestScripts.GooglePageJavaSeleniumSearch" time="20.998" errors="0" timestamp="2024-11-07T10:23:33 IST" skipped="0">
  <testcase classname="TestScripts.GooglePageJavaSeleniumSearch" name="javaSearchTC" time="11.026"/>
  <system-out/>
  <testcase classname="TestScripts.GooglePageJavaSeleniumSearch" name="seleniumSearchTC" time="9.972"/>
  <system-out/>
</testsuite> <!-- TestScripts.GooglePageJavaSeleniumSearch -->
