<?xml version="1.0" encoding="UTF-8"?>
<!-- Generated by org.testng.reporters.JUnitReportReporter -->
<testsuite hostname="user4" failures="0" tests="2" name="TestScripts.CDPTest" time="11.908" errors="0" timestamp="2024-11-12T12:36:50 IST" skipped="0">
  <testcase classname="TestScripts.CDPTest" name="geoLocationTest" time="7.786"/>
  <system-out/>
  <testcase classname="TestScripts.CDPTest" name="deviceModeTest" time="4.122"/>
  <system-out/>
</testsuite> <!-- TestScripts.CDPTest -->
