<?xml version="1.0" encoding="UTF-8"?>
<!-- Generated by org.testng.reporters.JUnitReportReporter -->
<testsuite hostname="user4" failures="0" tests="1" name="TestScripts.AutoCompleteTest" time="23.893" errors="0" timestamp="2024-11-06T11:31:51 IST" skipped="0">
  <testcase classname="TestScripts.AutoCompleteTest" name="AutocompleteTC" time="23.893"/>
  <system-out/>
</testsuite> <!-- TestScripts.AutoCompleteTest -->
