<?xml version="1.0" encoding="UTF-8"?>
<!-- Generated by org.testng.reporters.JUnitReportReporter -->
<testsuite hostname="user4" failures="0" tests="1" name="TestScripts.ToolTipTest" time="27.178" errors="0" timestamp="2024-11-06T11:05:33 IST" skipped="0">
  <testcase classname="TestScripts.ToolTipTest" name="ToolTipTC" time="27.178"/>
  <system-out/>
</testsuite> <!-- TestScripts.ToolTipTest -->
